The target system is: Android - 19 - mips
The host system is: Darwin - 16.0.0 - x86_64
Determining if the C compiler works passed with the following output:
Change Dir: /Users/steelsty/MyApplication/app/.externalNativeBuild/cmake/release/mips/CMakeFiles/CMakeTmp

Run Build Command:"/Users/steelsty/Documents/android-sdk-macosx/cmake/3.6.3155560/bin/ninja" "cmTC_092da"
[1/2] Building C object CMakeFiles/cmTC_092da.dir/testCCompiler.c.o
[2/2] Linking C executable cmTC_092da


Detecting C compiler ABI info compiled with the following output:
Change Dir: /Users/steelsty/MyApplication/app/.externalNativeBuild/cmake/release/mips/CMakeFiles/CMakeTmp

Run Build Command:"/Users/steelsty/Documents/android-sdk-macosx/cmake/3.6.3155560/bin/ninja" "cmTC_3948e"
[1/2] Building C object CMakeFiles/cmTC_3948e.dir/CMakeCCompilerABI.c.o
[2/2] Linking C executable cmTC_3948e
Android clang version 3.8.256229  (based on LLVM 3.8.256229)
Target: mipsel-none-linux-android
Thread model: posix
InstalledDir: /Users/steelsty/Documents/android-sdk-macosx/ndk-bundle/toolchains/llvm/prebuilt/darwin-x86_64/bin
Found candidate GCC installation: /Users/steelsty/Documents/android-sdk-macosx/ndk-bundle/toolchains/mipsel-linux-android-4.9/prebuilt/darwin-x86_64/lib/gcc/mipsel-linux-android/4.9.x
Selected GCC installation: /Users/steelsty/Documents/android-sdk-macosx/ndk-bundle/toolchains/mipsel-linux-android-4.9/prebuilt/darwin-x86_64/lib/gcc/mipsel-linux-android/4.9.x
Candidate multilib: mips-r6;@march=mips32r6
Candidate multilib: mips-r2;@march=mips32r2
Candidate multilib: .;
Selected multilib: .;
 "/Users/steelsty/Documents/android-sdk-macosx/ndk-bundle/toolchains/mipsel-linux-android-4.9/prebuilt/darwin-x86_64/lib/gcc/mipsel-linux-android/4.9.x/../../../../mipsel-linux-android/bin/ld" --sysroot=/Users/steelsty/Documents/android-sdk-macosx/ndk-bundle/platforms/android-19/arch-mips -pie --sysroot=/Users/steelsty/Documents/android-sdk-macosx/ndk-bundle/platforms/android-19/arch-mips --eh-frame-hdr -m elf32ltsmip -dynamic-linker /system/bin/linker -o cmTC_3948e /Users/steelsty/Documents/android-sdk-macosx/ndk-bundle/platforms/android-19/arch-mips/usr/lib/../lib/crtbegin_dynamic.o -L/Users/steelsty/Documents/android-sdk-macosx/ndk-bundle/toolchains/mipsel-linux-android-4.9/prebuilt/darwin-x86_64/lib/gcc/mipsel-linux-android/4.9.x -L/Users/steelsty/Documents/android-sdk-macosx/ndk-bundle/toolchains/mipsel-linux-android-4.9/prebuilt/darwin-x86_64/lib/gcc/mipsel-linux-android/4.9.x/../../../../mipsel-linux-android/lib/../lib -L/Users/steelsty/Documents/android-sdk-macosx/ndk-bundle/platforms/android-19/arch-mips/usr/lib/../lib -L/Users/steelsty/Documents/android-sdk-macosx/ndk-bundle/toolchains/mipsel-linux-android-4.9/prebuilt/darwin-x86_64/lib/gcc/mipsel-linux-android/4.9.x/../../../../mipsel-linux-android/lib -L/Users/steelsty/Documents/android-sdk-macosx/ndk-bundle/platforms/android-19/arch-mips/usr/lib --build-id --warn-shared-textrel --fatal-warnings --no-undefined -z noexecstack -z relro -z now --gc-sections -z nocopyreloc --build-id --warn-shared-textrel --fatal-warnings --no-undefined -z noexecstack -z relro -z now --gc-sections -z nocopyreloc CMakeFiles/cmTC_3948e.dir/CMakeCCompilerABI.c.o -lgcc -ldl -lc -lgcc -ldl /Users/steelsty/Documents/android-sdk-macosx/ndk-bundle/platforms/android-19/arch-mips/usr/lib/../lib/crtend_android.o


Parsed C implicit link information from above output:
  link line regex: [^( *|.*[/\])(mipsel-linux-android-ld|([^/\]+-)?ld|collect2)[^/\]*( |$)]
  ignore line: [Change Dir: /Users/steelsty/MyApplication/app/.externalNativeBuild/cmake/release/mips/CMakeFiles/CMakeTmp]
  ignore line: []
  ignore line: [Run Build Command:"/Users/steelsty/Documents/android-sdk-macosx/cmake/3.6.3155560/bin/ninja" "cmTC_3948e"]
  ignore line: [[1/2] Building C object CMakeFiles/cmTC_3948e.dir/CMakeCCompilerABI.c.o]
  ignore line: [[2/2] Linking C executable cmTC_3948e]
  ignore line: [Android clang version 3.8.256229  (based on LLVM 3.8.256229)]
  ignore line: [Target: mipsel-none-linux-android]
  ignore line: [Thread model: posix]
  ignore line: [InstalledDir: /Users/steelsty/Documents/android-sdk-macosx/ndk-bundle/toolchains/llvm/prebuilt/darwin-x86_64/bin]
  ignore line: [Found candidate GCC installation: /Users/steelsty/Documents/android-sdk-macosx/ndk-bundle/toolchains/mipsel-linux-android-4.9/prebuilt/darwin-x86_64/lib/gcc/mipsel-linux-android/4.9.x]
  ignore line: [Selected GCC installation: /Users/steelsty/Documents/android-sdk-macosx/ndk-bundle/toolchains/mipsel-linux-android-4.9/prebuilt/darwin-x86_64/lib/gcc/mipsel-linux-android/4.9.x]
  ignore line: [Candidate multilib: mips-r6]
  ignore line: [@march=mips32r6]
  ignore line: [Candidate multilib: mips-r2]
  ignore line: [@march=mips32r2]
  ignore line: [Candidate multilib: .]
  ignore line: []
  ignore line: [Selected multilib: .]
  ignore line: []
  link line: [ "/Users/steelsty/Documents/android-sdk-macosx/ndk-bundle/toolchains/mipsel-linux-android-4.9/prebuilt/darwin-x86_64/lib/gcc/mipsel-linux-android/4.9.x/../../../../mipsel-linux-android/bin/ld" --sysroot=/Users/steelsty/Documents/android-sdk-macosx/ndk-bundle/platforms/android-19/arch-mips -pie --sysroot=/Users/steelsty/Documents/android-sdk-macosx/ndk-bundle/platforms/android-19/arch-mips --eh-frame-hdr -m elf32ltsmip -dynamic-linker /system/bin/linker -o cmTC_3948e /Users/steelsty/Documents/android-sdk-macosx/ndk-bundle/platforms/android-19/arch-mips/usr/lib/../lib/crtbegin_dynamic.o -L/Users/steelsty/Documents/android-sdk-macosx/ndk-bundle/toolchains/mipsel-linux-android-4.9/prebuilt/darwin-x86_64/lib/gcc/mipsel-linux-android/4.9.x -L/Users/steelsty/Documents/android-sdk-macosx/ndk-bundle/toolchains/mipsel-linux-android-4.9/prebuilt/darwin-x86_64/lib/gcc/mipsel-linux-android/4.9.x/../../../../mipsel-linux-android/lib/../lib -L/Users/steelsty/Documents/android-sdk-macosx/ndk-bundle/platforms/android-19/arch-mips/usr/lib/../lib -L/Users/steelsty/Documents/android-sdk-macosx/ndk-bundle/toolchains/mipsel-linux-android-4.9/prebuilt/darwin-x86_64/lib/gcc/mipsel-linux-android/4.9.x/../../../../mipsel-linux-android/lib -L/Users/steelsty/Documents/android-sdk-macosx/ndk-bundle/platforms/android-19/arch-mips/usr/lib --build-id --warn-shared-textrel --fatal-warnings --no-undefined -z noexecstack -z relro -z now --gc-sections -z nocopyreloc --build-id --warn-shared-textrel --fatal-warnings --no-undefined -z noexecstack -z relro -z now --gc-sections -z nocopyreloc CMakeFiles/cmTC_3948e.dir/CMakeCCompilerABI.c.o -lgcc -ldl -lc -lgcc -ldl /Users/steelsty/Documents/android-sdk-macosx/ndk-bundle/platforms/android-19/arch-mips/usr/lib/../lib/crtend_android.o]
    arg [/Users/steelsty/Documents/android-sdk-macosx/ndk-bundle/toolchains/mipsel-linux-android-4.9/prebuilt/darwin-x86_64/lib/gcc/mipsel-linux-android/4.9.x/../../../../mipsel-linux-android/bin/ld] ==> ignore
    arg [--sysroot=/Users/steelsty/Documents/android-sdk-macosx/ndk-bundle/platforms/android-19/arch-mips] ==> ignore
    arg [-pie] ==> ignore
    arg [--sysroot=/Users/steelsty/Documents/android-sdk-macosx/ndk-bundle/platforms/android-19/arch-mips] ==> ignore
    arg [--eh-frame-hdr] ==> ignore
    arg [-m] ==> ignore
    arg [elf32ltsmip] ==> ignore
    arg [-dynamic-linker] ==> ignore
    arg [/system/bin/linker] ==> ignore
    arg [-o] ==> ignore
    arg [cmTC_3948e] ==> ignore
    arg [/Users/steelsty/Documents/android-sdk-macosx/ndk-bundle/platforms/android-19/arch-mips/usr/lib/../lib/crtbegin_dynamic.o] ==> ignore
    arg [-L/Users/steelsty/Documents/android-sdk-macosx/ndk-bundle/toolchains/mipsel-linux-android-4.9/prebuilt/darwin-x86_64/lib/gcc/mipsel-linux-android/4.9.x] ==> dir [/Users/steelsty/Documents/android-sdk-macosx/ndk-bundle/toolchains/mipsel-linux-android-4.9/prebuilt/darwin-x86_64/lib/gcc/mipsel-linux-android/4.9.x]
    arg [-L/Users/steelsty/Documents/android-sdk-macosx/ndk-bundle/toolchains/mipsel-linux-android-4.9/prebuilt/darwin-x86_64/lib/gcc/mipsel-linux-android/4.9.x/../../../../mipsel-linux-android/lib/../lib] ==> dir [/Users/steelsty/Documents/android-sdk-macosx/ndk-bundle/toolchains/mipsel-linux-android-4.9/prebuilt/darwin-x86_64/lib/gcc/mipsel-linux-android/4.9.x/../../../../mipsel-linux-android/lib/../lib]
    arg [-L/Users/steelsty/Documents/android-sdk-macosx/ndk-bundle/platforms/android-19/arch-mips/usr/lib/../lib] ==> dir [/Users/steelsty/Documents/android-sdk-macosx/ndk-bundle/platforms/android-19/arch-mips/usr/lib/../lib]
    arg [-L/Users/steelsty/Documents/android-sdk-macosx/ndk-bundle/toolchains/mipsel-linux-android-4.9/prebuilt/darwin-x86_64/lib/gcc/mipsel-linux-android/4.9.x/../../../../mipsel-linux-android/lib] ==> dir [/Users/steelsty/Documents/android-sdk-macosx/ndk-bundle/toolchains/mipsel-linux-android-4.9/prebuilt/darwin-x86_64/lib/gcc/mipsel-linux-android/4.9.x/../../../../mipsel-linux-android/lib]
    arg [-L/Users/steelsty/Documents/android-sdk-macosx/ndk-bundle/platforms/android-19/arch-mips/usr/lib] ==> dir [/Users/steelsty/Documents/android-sdk-macosx/ndk-bundle/platforms/android-19/arch-mips/usr/lib]
    arg [--build-id] ==> ignore
    arg [--warn-shared-textrel] ==> ignore
    arg [--fatal-warnings] ==> ignore
    arg [--no-undefined] ==> ignore
    arg [-znoexecstack] ==> ignore
    arg [-zrelro] ==> ignore
    arg [-znow] ==> ignore
    arg [--gc-sections] ==> ignore
    arg [-znocopyreloc] ==> ignore
    arg [--build-id] ==> ignore
    arg [--warn-shared-textrel] ==> ignore
    arg [--fatal-warnings] ==> ignore
    arg [--no-undefined] ==> ignore
    arg [-znoexecstack] ==> ignore
    arg [-zrelro] ==> ignore
    arg [-znow] ==> ignore
    arg [--gc-sections] ==> ignore
    arg [-znocopyreloc] ==> ignore
    arg [CMakeFiles/cmTC_3948e.dir/CMakeCCompilerABI.c.o] ==> ignore
    arg [-lgcc] ==> lib [gcc]
    arg [-ldl] ==> lib [dl]
    arg [-lc] ==> lib [c]
    arg [-lgcc] ==> lib [gcc]
    arg [-ldl] ==> lib [dl]
    arg [/Users/steelsty/Documents/android-sdk-macosx/ndk-bundle/platforms/android-19/arch-mips/usr/lib/../lib/crtend_android.o] ==> ignore
  remove lib [gcc]
  remove lib [gcc]
  collapse library dir [/Users/steelsty/Documents/android-sdk-macosx/ndk-bundle/toolchains/mipsel-linux-android-4.9/prebuilt/darwin-x86_64/lib/gcc/mipsel-linux-android/4.9.x] ==> [/Users/steelsty/Documents/android-sdk-macosx/ndk-bundle/toolchains/mipsel-linux-android-4.9/prebuilt/darwin-x86_64/lib/gcc/mipsel-linux-android/4.9.x]
  collapse library dir [/Users/steelsty/Documents/android-sdk-macosx/ndk-bundle/toolchains/mipsel-linux-android-4.9/prebuilt/darwin-x86_64/lib/gcc/mipsel-linux-android/4.9.x/../../../../mipsel-linux-android/lib/../lib] ==> [/Users/steelsty/Documents/android-sdk-macosx/ndk-bundle/toolchains/mipsel-linux-android-4.9/prebuilt/darwin-x86_64/mipsel-linux-android/lib]
  collapse library dir [/Users/steelsty/Documents/android-sdk-macosx/ndk-bundle/platforms/android-19/arch-mips/usr/lib/../lib] ==> [/Users/steelsty/Documents/android-sdk-macosx/ndk-bundle/platforms/android-19/arch-mips/usr/lib]
  collapse library dir [/Users/steelsty/Documents/android-sdk-macosx/ndk-bundle/toolchains/mipsel-linux-android-4.9/prebuilt/darwin-x86_64/lib/gcc/mipsel-linux-android/4.9.x/../../../../mipsel-linux-android/lib] ==> [/Users/steelsty/Documents/android-sdk-macosx/ndk-bundle/toolchains/mipsel-linux-android-4.9/prebuilt/darwin-x86_64/mipsel-linux-android/lib]
  collapse library dir [/Users/steelsty/Documents/android-sdk-macosx/ndk-bundle/platforms/android-19/arch-mips/usr/lib] ==> [/Users/steelsty/Documents/android-sdk-macosx/ndk-bundle/platforms/android-19/arch-mips/usr/lib]
  implicit libs: [dl;c;dl]
  implicit dirs: [/Users/steelsty/Documents/android-sdk-macosx/ndk-bundle/toolchains/mipsel-linux-android-4.9/prebuilt/darwin-x86_64/lib/gcc/mipsel-linux-android/4.9.x;/Users/steelsty/Documents/android-sdk-macosx/ndk-bundle/toolchains/mipsel-linux-android-4.9/prebuilt/darwin-x86_64/mipsel-linux-android/lib;/Users/steelsty/Documents/android-sdk-macosx/ndk-bundle/platforms/android-19/arch-mips/usr/lib]
  implicit fwks: []


Determining if the CXX compiler works passed with the following output:
Change Dir: /Users/steelsty/MyApplication/app/.externalNativeBuild/cmake/release/mips/CMakeFiles/CMakeTmp

Run Build Command:"/Users/steelsty/Documents/android-sdk-macosx/cmake/3.6.3155560/bin/ninja" "cmTC_68270"
[1/2] Building CXX object CMakeFiles/cmTC_68270.dir/testCXXCompiler.cxx.o
[2/2] Linking CXX executable cmTC_68270


Detecting CXX compiler ABI info compiled with the following output:
Change Dir: /Users/steelsty/MyApplication/app/.externalNativeBuild/cmake/release/mips/CMakeFiles/CMakeTmp

Run Build Command:"/Users/steelsty/Documents/android-sdk-macosx/cmake/3.6.3155560/bin/ninja" "cmTC_d47c7"
[1/2] Building CXX object CMakeFiles/cmTC_d47c7.dir/CMakeCXXCompilerABI.cpp.o
[2/2] Linking CXX executable cmTC_d47c7
Android clang version 3.8.256229  (based on LLVM 3.8.256229)
Target: mipsel-none-linux-android
Thread model: posix
InstalledDir: /Users/steelsty/Documents/android-sdk-macosx/ndk-bundle/toolchains/llvm/prebuilt/darwin-x86_64/bin
Found candidate GCC installation: /Users/steelsty/Documents/android-sdk-macosx/ndk-bundle/toolchains/mipsel-linux-android-4.9/prebuilt/darwin-x86_64/lib/gcc/mipsel-linux-android/4.9.x
Selected GCC installation: /Users/steelsty/Documents/android-sdk-macosx/ndk-bundle/toolchains/mipsel-linux-android-4.9/prebuilt/darwin-x86_64/lib/gcc/mipsel-linux-android/4.9.x
Candidate multilib: mips-r6;@march=mips32r6
Candidate multilib: mips-r2;@march=mips32r2
Candidate multilib: .;
Selected multilib: .;
 "/Users/steelsty/Documents/android-sdk-macosx/ndk-bundle/toolchains/mipsel-linux-android-4.9/prebuilt/darwin-x86_64/lib/gcc/mipsel-linux-android/4.9.x/../../../../mipsel-linux-android/bin/ld" --sysroot=/Users/steelsty/Documents/android-sdk-macosx/ndk-bundle/platforms/android-19/arch-mips -pie --sysroot=/Users/steelsty/Documents/android-sdk-macosx/ndk-bundle/platforms/android-19/arch-mips --eh-frame-hdr -m elf32ltsmip -dynamic-linker /system/bin/linker -o cmTC_d47c7 /Users/steelsty/Documents/android-sdk-macosx/ndk-bundle/platforms/android-19/arch-mips/usr/lib/../lib/crtbegin_dynamic.o -L/Users/steelsty/Documents/android-sdk-macosx/ndk-bundle/toolchains/mipsel-linux-android-4.9/prebuilt/darwin-x86_64/lib/gcc/mipsel-linux-android/4.9.x -L/Users/steelsty/Documents/android-sdk-macosx/ndk-bundle/toolchains/mipsel-linux-android-4.9/prebuilt/darwin-x86_64/lib/gcc/mipsel-linux-android/4.9.x/../../../../mipsel-linux-android/lib/../lib -L/Users/steelsty/Documents/android-sdk-macosx/ndk-bundle/platforms/android-19/arch-mips/usr/lib/../lib -L/Users/steelsty/Documents/android-sdk-macosx/ndk-bundle/toolchains/mipsel-linux-android-4.9/prebuilt/darwin-x86_64/lib/gcc/mipsel-linux-android/4.9.x/../../../../mipsel-linux-android/lib -L/Users/steelsty/Documents/android-sdk-macosx/ndk-bundle/platforms/android-19/arch-mips/usr/lib --build-id --warn-shared-textrel --fatal-warnings --no-undefined -z noexecstack -z relro -z now --gc-sections -z nocopyreloc --build-id --warn-shared-textrel --fatal-warnings --no-undefined -z noexecstack -z relro -z now --gc-sections -z nocopyreloc CMakeFiles/cmTC_d47c7.dir/CMakeCXXCompilerABI.cpp.o -lstdc++ -lm -lgcc -lgcc -ldl -lc -lgcc -lgcc -ldl /Users/steelsty/Documents/android-sdk-macosx/ndk-bundle/platforms/android-19/arch-mips/usr/lib/../lib/crtend_android.o


Parsed CXX implicit link information from above output:
  link line regex: [^( *|.*[/\])(mipsel-linux-android-ld|([^/\]+-)?ld|collect2)[^/\]*( |$)]
  ignore line: [Change Dir: /Users/steelsty/MyApplication/app/.externalNativeBuild/cmake/release/mips/CMakeFiles/CMakeTmp]
  ignore line: []
  ignore line: [Run Build Command:"/Users/steelsty/Documents/android-sdk-macosx/cmake/3.6.3155560/bin/ninja" "cmTC_d47c7"]
  ignore line: [[1/2] Building CXX object CMakeFiles/cmTC_d47c7.dir/CMakeCXXCompilerABI.cpp.o]
  ignore line: [[2/2] Linking CXX executable cmTC_d47c7]
  ignore line: [Android clang version 3.8.256229  (based on LLVM 3.8.256229)]
  ignore line: [Target: mipsel-none-linux-android]
  ignore line: [Thread model: posix]
  ignore line: [InstalledDir: /Users/steelsty/Documents/android-sdk-macosx/ndk-bundle/toolchains/llvm/prebuilt/darwin-x86_64/bin]
  ignore line: [Found candidate GCC installation: /Users/steelsty/Documents/android-sdk-macosx/ndk-bundle/toolchains/mipsel-linux-android-4.9/prebuilt/darwin-x86_64/lib/gcc/mipsel-linux-android/4.9.x]
  ignore line: [Selected GCC installation: /Users/steelsty/Documents/android-sdk-macosx/ndk-bundle/toolchains/mipsel-linux-android-4.9/prebuilt/darwin-x86_64/lib/gcc/mipsel-linux-android/4.9.x]
  ignore line: [Candidate multilib: mips-r6]
  ignore line: [@march=mips32r6]
  ignore line: [Candidate multilib: mips-r2]
  ignore line: [@march=mips32r2]
  ignore line: [Candidate multilib: .]
  ignore line: []
  ignore line: [Selected multilib: .]
  ignore line: []
  link line: [ "/Users/steelsty/Documents/android-sdk-macosx/ndk-bundle/toolchains/mipsel-linux-android-4.9/prebuilt/darwin-x86_64/lib/gcc/mipsel-linux-android/4.9.x/../../../../mipsel-linux-android/bin/ld" --sysroot=/Users/steelsty/Documents/android-sdk-macosx/ndk-bundle/platforms/android-19/arch-mips -pie --sysroot=/Users/steelsty/Documents/android-sdk-macosx/ndk-bundle/platforms/android-19/arch-mips --eh-frame-hdr -m elf32ltsmip -dynamic-linker /system/bin/linker -o cmTC_d47c7 /Users/steelsty/Documents/android-sdk-macosx/ndk-bundle/platforms/android-19/arch-mips/usr/lib/../lib/crtbegin_dynamic.o -L/Users/steelsty/Documents/android-sdk-macosx/ndk-bundle/toolchains/mipsel-linux-android-4.9/prebuilt/darwin-x86_64/lib/gcc/mipsel-linux-android/4.9.x -L/Users/steelsty/Documents/android-sdk-macosx/ndk-bundle/toolchains/mipsel-linux-android-4.9/prebuilt/darwin-x86_64/lib/gcc/mipsel-linux-android/4.9.x/../../../../mipsel-linux-android/lib/../lib -L/Users/steelsty/Documents/android-sdk-macosx/ndk-bundle/platforms/android-19/arch-mips/usr/lib/../lib -L/Users/steelsty/Documents/android-sdk-macosx/ndk-bundle/toolchains/mipsel-linux-android-4.9/prebuilt/darwin-x86_64/lib/gcc/mipsel-linux-android/4.9.x/../../../../mipsel-linux-android/lib -L/Users/steelsty/Documents/android-sdk-macosx/ndk-bundle/platforms/android-19/arch-mips/usr/lib --build-id --warn-shared-textrel --fatal-warnings --no-undefined -z noexecstack -z relro -z now --gc-sections -z nocopyreloc --build-id --warn-shared-textrel --fatal-warnings --no-undefined -z noexecstack -z relro -z now --gc-sections -z nocopyreloc CMakeFiles/cmTC_d47c7.dir/CMakeCXXCompilerABI.cpp.o -lstdc++ -lm -lgcc -lgcc -ldl -lc -lgcc -lgcc -ldl /Users/steelsty/Documents/android-sdk-macosx/ndk-bundle/platforms/android-19/arch-mips/usr/lib/../lib/crtend_android.o]
    arg [/Users/steelsty/Documents/android-sdk-macosx/ndk-bundle/toolchains/mipsel-linux-android-4.9/prebuilt/darwin-x86_64/lib/gcc/mipsel-linux-android/4.9.x/../../../../mipsel-linux-android/bin/ld] ==> ignore
    arg [--sysroot=/Users/steelsty/Documents/android-sdk-macosx/ndk-bundle/platforms/android-19/arch-mips] ==> ignore
    arg [-pie] ==> ignore
    arg [--sysroot=/Users/steelsty/Documents/android-sdk-macosx/ndk-bundle/platforms/android-19/arch-mips] ==> ignore
    arg [--eh-frame-hdr] ==> ignore
    arg [-m] ==> ignore
    arg [elf32ltsmip] ==> ignore
    arg [-dynamic-linker] ==> ignore
    arg [/system/bin/linker] ==> ignore
    arg [-o] ==> ignore
    arg [cmTC_d47c7] ==> ignore
    arg [/Users/steelsty/Documents/android-sdk-macosx/ndk-bundle/platforms/android-19/arch-mips/usr/lib/../lib/crtbegin_dynamic.o] ==> ignore
    arg [-L/Users/steelsty/Documents/android-sdk-macosx/ndk-bundle/toolchains/mipsel-linux-android-4.9/prebuilt/darwin-x86_64/lib/gcc/mipsel-linux-android/4.9.x] ==> dir [/Users/steelsty/Documents/android-sdk-macosx/ndk-bundle/toolchains/mipsel-linux-android-4.9/prebuilt/darwin-x86_64/lib/gcc/mipsel-linux-android/4.9.x]
    arg [-L/Users/steelsty/Documents/android-sdk-macosx/ndk-bundle/toolchains/mipsel-linux-android-4.9/prebuilt/darwin-x86_64/lib/gcc/mipsel-linux-android/4.9.x/../../../../mipsel-linux-android/lib/../lib] ==> dir [/Users/steelsty/Documents/android-sdk-macosx/ndk-bundle/toolchains/mipsel-linux-android-4.9/prebuilt/darwin-x86_64/lib/gcc/mipsel-linux-android/4.9.x/../../../../mipsel-linux-android/lib/../lib]
    arg [-L/Users/steelsty/Documents/android-sdk-macosx/ndk-bundle/platforms/android-19/arch-mips/usr/lib/../lib] ==> dir [/Users/steelsty/Documents/android-sdk-macosx/ndk-bundle/platforms/android-19/arch-mips/usr/lib/../lib]
    arg [-L/Users/steelsty/Documents/android-sdk-macosx/ndk-bundle/toolchains/mipsel-linux-android-4.9/prebuilt/darwin-x86_64/lib/gcc/mipsel-linux-android/4.9.x/../../../../mipsel-linux-android/lib] ==> dir [/Users/steelsty/Documents/android-sdk-macosx/ndk-bundle/toolchains/mipsel-linux-android-4.9/prebuilt/darwin-x86_64/lib/gcc/mipsel-linux-android/4.9.x/../../../../mipsel-linux-android/lib]
    arg [-L/Users/steelsty/Documents/android-sdk-macosx/ndk-bundle/platforms/android-19/arch-mips/usr/lib] ==> dir [/Users/steelsty/Documents/android-sdk-macosx/ndk-bundle/platforms/android-19/arch-mips/usr/lib]
    arg [--build-id] ==> ignore
    arg [--warn-shared-textrel] ==> ignore
    arg [--fatal-warnings] ==> ignore
    arg [--no-undefined] ==> ignore
    arg [-znoexecstack] ==> ignore
    arg [-zrelro] ==> ignore
    arg [-znow] ==> ignore
    arg [--gc-sections] ==> ignore
    arg [-znocopyreloc] ==> ignore
    arg [--build-id] ==> ignore
    arg [--warn-shared-textrel] ==> ignore
    arg [--fatal-warnings] ==> ignore
    arg [--no-undefined] ==> ignore
    arg [-znoexecstack] ==> ignore
    arg [-zrelro] ==> ignore
    arg [-znow] ==> ignore
    arg [--gc-sections] ==> ignore
    arg [-znocopyreloc] ==> ignore
    arg [CMakeFiles/cmTC_d47c7.dir/CMakeCXXCompilerABI.cpp.o] ==> ignore
    arg [-lstdc++] ==> lib [stdc++]
    arg [-lm] ==> lib [m]
    arg [-lgcc] ==> lib [gcc]
    arg [-lgcc] ==> lib [gcc]
    arg [-ldl] ==> lib [dl]
    arg [-lc] ==> lib [c]
    arg [-lgcc] ==> lib [gcc]
    arg [-lgcc] ==> lib [gcc]
    arg [-ldl] ==> lib [dl]
    arg [/Users/steelsty/Documents/android-sdk-macosx/ndk-bundle/platforms/android-19/arch-mips/usr/lib/../lib/crtend_android.o] ==> ignore
  remove lib [gcc]
  remove lib [gcc]
  remove lib [gcc]
  remove lib [gcc]
  collapse library dir [/Users/steelsty/Documents/android-sdk-macosx/ndk-bundle/toolchains/mipsel-linux-android-4.9/prebuilt/darwin-x86_64/lib/gcc/mipsel-linux-android/4.9.x] ==> [/Users/steelsty/Documents/android-sdk-macosx/ndk-bundle/toolchains/mipsel-linux-android-4.9/prebuilt/darwin-x86_64/lib/gcc/mipsel-linux-android/4.9.x]
  collapse library dir [/Users/steelsty/Documents/android-sdk-macosx/ndk-bundle/toolchains/mipsel-linux-android-4.9/prebuilt/darwin-x86_64/lib/gcc/mipsel-linux-android/4.9.x/../../../../mipsel-linux-android/lib/../lib] ==> [/Users/steelsty/Documents/android-sdk-macosx/ndk-bundle/toolchains/mipsel-linux-android-4.9/prebuilt/darwin-x86_64/mipsel-linux-android/lib]
  collapse library dir [/Users/steelsty/Documents/android-sdk-macosx/ndk-bundle/platforms/android-19/arch-mips/usr/lib/../lib] ==> [/Users/steelsty/Documents/android-sdk-macosx/ndk-bundle/platforms/android-19/arch-mips/usr/lib]
  collapse library dir [/Users/steelsty/Documents/android-sdk-macosx/ndk-bundle/toolchains/mipsel-linux-android-4.9/prebuilt/darwin-x86_64/lib/gcc/mipsel-linux-android/4.9.x/../../../../mipsel-linux-android/lib] ==> [/Users/steelsty/Documents/android-sdk-macosx/ndk-bundle/toolchains/mipsel-linux-android-4.9/prebuilt/darwin-x86_64/mipsel-linux-android/lib]
  collapse library dir [/Users/steelsty/Documents/android-sdk-macosx/ndk-bundle/platforms/android-19/arch-mips/usr/lib] ==> [/Users/steelsty/Documents/android-sdk-macosx/ndk-bundle/platforms/android-19/arch-mips/usr/lib]
  implicit libs: [stdc++;m;dl;c;dl]
  implicit dirs: [/Users/steelsty/Documents/android-sdk-macosx/ndk-bundle/toolchains/mipsel-linux-android-4.9/prebuilt/darwin-x86_64/lib/gcc/mipsel-linux-android/4.9.x;/Users/steelsty/Documents/android-sdk-macosx/ndk-bundle/toolchains/mipsel-linux-android-4.9/prebuilt/darwin-x86_64/mipsel-linux-android/lib;/Users/steelsty/Documents/android-sdk-macosx/ndk-bundle/platforms/android-19/arch-mips/usr/lib]
  implicit fwks: []


